<?xml version="1.0" encoding="UTF-8"?>
<!-- Generated by org.testng.reporters.JUnitXMLReporter -->
<testsuite hostname="RAGHAVENDRA" ignored="0" name="DemoListenTest" tests="3" failures="1" timestamp="11 Dec 2019 14:07:24 GMT" time="0.069" errors="0">
  <testcase name="TestA" time="0.015" classname="listen.DemoA"/>
  <testcase name="TestB" time="0.004" classname="listen.DemoA">
    <failure type="java.lang.AssertionError" message="null">
      <![CDATA[java.lang.AssertionError: null
at listen.DemoA.TestB(DemoA.java:21)
... Removed 27 stack frames]]>
    </failure>
  </testcase> <!-- TestB -->
  <testcase name="testC" time="0.001" classname="listen.DemoC"/>
</testsuite> <!-- DemoListenTest -->
