<?xml version="1.0" encoding="UTF-8"?>
<!-- Generated by org.testng.reporters.JUnitXMLReporter -->
<testsuite hostname="RAGHAVENDRA" ignored="0" name="RSTest" tests="8" failures="3" timestamp="11 Dec 2019 14:29:54 GMT" time="0.039" errors="0">
  <testcase name="TestA1" time="0.007" classname="demolisten.Demo1"/>
  <testcase name="TestB1" time="0.002" classname="demolisten.Demo1">
    <failure type="java.lang.AssertionError" message="null">
      <![CDATA[java.lang.AssertionError: null
at demolisten.Demo1.TestB1(Demo1.java:19)
... Removed 27 stack frames]]>
    </failure>
  </testcase> <!-- TestB1 -->
  <testcase name="testC1" time="0.001" classname="demolisten.Demo1">
    <failure type="java.lang.AssertionError" message="null">
      <![CDATA[java.lang.AssertionError: null
at demolisten.Demo1.testC1(Demo1.java:25)
... Removed 27 stack frames]]>
    </failure>
  </testcase> <!-- testC1 -->
  <testcase name="testD1" time="0.0" classname="demolisten.Demo1">
    <skipped/>
  </testcase> <!-- testD1 -->
  <testcase name="testA" time="0.001" classname="demolisten.Demo"/>
  <testcase name="testB" time="0.0" classname="demolisten.Demo"/>
  <testcase name="testC" time="0.0" classname="demolisten.Demo">
    <failure type="java.lang.AssertionError" message="null">
      <![CDATA[java.lang.AssertionError: null
at demolisten.Demo.testC(Demo.java:28)
... Removed 27 stack frames]]>
    </failure>
  </testcase> <!-- testC -->
  <testcase name="testD" time="0.0" classname="demolisten.Demo">
    <skipped/>
  </testcase> <!-- testD -->
</testsuite> <!-- RSTest -->
